<?xml version="1.0" encoding="UTF-8"?>
<testsuite xmlns:xsi="http://www.w3.org/2001/XMLSchema-instance" xsi:noNamespaceSchemaLocation="https://maven.apache.org/surefire/maven-surefire-plugin/xsd/surefire-test-report-3.0.xsd" version="3.0" name="com.medilabo.gatewayservice.GetewayServiceApplicationTests" time="9.85" tests="1" errors="0" skipped="0" failures="0">
  <properties>
[...]
</properties>
  <testcase name="contextLoads" classname="com.medilabo.gatewayservice.GetewayServiceApplicationTests" time="1.748">
    <system-out><![CDATA[14:30:52.530 [main] INFO org.springframework.test.context.support.AnnotationConfigContextLoaderUtils -- Could not detect default configuration classes for test class [com.medilabo.gatewayservice.GetewayServiceApplicationTests]: GetewayServiceApplicationTests does not declare any static, non-private, non-final, nested classes annotated with @Configuration.
14:30:52.796 [main] INFO org.springframework.boot.test.context.SpringBootTestContextBootstrapper -- Found @SpringBootConfiguration com.medilabo.gatewayservice.GatewayServiceApplication for test class com.medilabo.gatewayservice.GetewayServiceApplicationTests
14:30:53.214 [main] INFO org.springframework.boot.devtools.restart.RestartApplicationListener -- Restart disabled due to context in which it is running

  .   ____          _            __ _ _
 /\\ / ___'_ __ _ _(_)_ __  __ _ \ \ \ \
( ( )\___ | '_ | '_| | '_ \/ _` | \ \ \ \
 \\/  ___)| |_)| | | | | || (_| |  ) ) ) )
  '  |____| .__|_| |_|_| |_\__, | / / / /
 =========|_|==============|___/=/_/_/_/
 :: Spring Boot ::                (v3.2.5)

2025-06-13T14:30:54.063+02:00  INFO 13804 --- [gateway-service] [           main] c.m.g.GetewayServiceApplicationTests     : Starting GetewayServiceApplicationTests using Java 17.0.13 with PID 13804 (started by hacha in C:\wamp64\www\openclassrooms\P9-Developpez-une-solution-en-microservices-pour-votre-client\medilabo-solutions\gateway-service)
2025-06-13T14:30:54.066+02:00  INFO 13804 --- [gateway-service] [           main] c.m.g.GetewayServiceApplicationTests     : No active profile set, falling back to 1 default profile: "default"
2025-06-13T14:30:56.743+02:00  INFO 13804 --- [gateway-service] [           main] o.s.cloud.context.scope.GenericScope     : BeanFactory id=be309300-4b55-3250-8061-f42821e632d9
2025-06-13T14:30:58.774+02:00  INFO 13804 --- [gateway-service] [           main] o.s.c.g.r.RouteDefinitionRouteLocator    : Loaded RoutePredicateFactory [After]
2025-06-13T14:30:58.774+02:00  INFO 13804 --- [gateway-service] [           main] o.s.c.g.r.RouteDefinitionRouteLocator    : Loaded RoutePredicateFactory [Before]
2025-06-13T14:30:58.775+02:00  INFO 13804 --- [gateway-service] [           main] o.s.c.g.r.RouteDefinitionRouteLocator    : Loaded RoutePredicateFactory [Between]
2025-06-13T14:30:58.776+02:00  INFO 13804 --- [gateway-service] [           main] o.s.c.g.r.RouteDefinitionRouteLocator    : Loaded RoutePredicateFactory [Cookie]
2025-06-13T14:30:58.776+02:00  INFO 13804 --- [gateway-service] [           main] o.s.c.g.r.RouteDefinitionRouteLocator    : Loaded RoutePredicateFactory [Header]
2025-06-13T14:30:58.776+02:00  INFO 13804 --- [gateway-service] [           main] o.s.c.g.r.RouteDefinitionRouteLocator    : Loaded RoutePredicateFactory [Host]
2025-06-13T14:30:58.776+02:00  INFO 13804 --- [gateway-service] [           main] o.s.c.g.r.RouteDefinitionRouteLocator    : Loaded RoutePredicateFactory [Method]
2025-06-13T14:30:58.777+02:00  INFO 13804 --- [gateway-service] [           main] o.s.c.g.r.RouteDefinitionRouteLocator    : Loaded RoutePredicateFactory [Path]
2025-06-13T14:30:58.777+02:00  INFO 13804 --- [gateway-service] [           main] o.s.c.g.r.RouteDefinitionRouteLocator    : Loaded RoutePredicateFactory [Query]
2025-06-13T14:30:58.777+02:00  INFO 13804 --- [gateway-service] [           main] o.s.c.g.r.RouteDefinitionRouteLocator    : Loaded RoutePredicateFactory [ReadBody]
2025-06-13T14:30:58.777+02:00  INFO 13804 --- [gateway-service] [           main] o.s.c.g.r.RouteDefinitionRouteLocator    : Loaded RoutePredicateFactory [RemoteAddr]
2025-06-13T14:30:58.777+02:00  INFO 13804 --- [gateway-service] [           main] o.s.c.g.r.RouteDefinitionRouteLocator    : Loaded RoutePredicateFactory [XForwardedRemoteAddr]
2025-06-13T14:30:58.777+02:00  INFO 13804 --- [gateway-service] [           main] o.s.c.g.r.RouteDefinitionRouteLocator    : Loaded RoutePredicateFactory [Weight]
2025-06-13T14:30:58.777+02:00  INFO 13804 --- [gateway-service] [           main] o.s.c.g.r.RouteDefinitionRouteLocator    : Loaded RoutePredicateFactory [CloudFoundryRouteService]
2025-06-13T14:30:59.470+02:00  INFO 13804 --- [gateway-service] [           main] o.s.b.a.e.web.EndpointLinksResolver      : Exposing 16 endpoint(s) beneath base path '/actuator'
2025-06-13T14:31:00.120+02:00  INFO 13804 --- [gateway-service] [           main] c.m.g.GetewayServiceApplicationTests     : Started GetewayServiceApplicationTests in 6.951 seconds (process running for 9.305)
]]></system-out>
  </testcase>
</testsuite>